           _                 _    
  __ _  __| |_ __ __ _ _ __ | |_  
 / _` |/ _` | '__/ _` | '_ \| __| 
| (_| | (_| | | | (_| | | | | |_  
 \__, |\__,_|_|  \__,_|_| |_|\__| 
    |_|                           

Version: 1.11.4, build: d8b6e4a0
Access web UI at http://localhost:6333/dashboard

2024-09-24T10:27:18.988863Z  INFO storage::content_manager::consensus::persistent: Loading raft state from ./storage/raft_state.json    
2024-09-24T10:27:18.991814Z DEBUG storage::content_manager::consensus::persistent: State: Persistent { state: RaftState { hard_state: HardState { term: 0, vote: 0, commit: 0 }, conf_state: ConfState { voters: [6529360975318474], learners: [], voters_outgoing: [], learners_next: [], auto_leave: false } }, latest_snapshot_meta: SnapshotMetadataSer { term: 0, index: 0 }, apply_progress_queue: EntryApplyProgressQueue(None), peer_address_by_id: RwLock { data: {} }, peer_metadata_by_id: RwLock { data: {} }, cluster_metadata: {}, this_peer_id: 6529360975318474, path: "./storage/raft_state.json", dirty: false }    
2024-09-24T10:27:19.050954Z  INFO storage::content_manager::toc: Loading collection: default    
2024-09-24T10:27:19.301280Z  INFO collection::shards::local_shard: Recovering collection default: 0/1 (0%)    
2024-09-24T10:27:19.393594Z  INFO collection::shards::local_shard: Recovered collection default: 1/1 (100%)    
2024-09-24T10:27:19.409423Z DEBUG qdrant: Loaded collection: default    
2024-09-24T10:27:19.409669Z  INFO qdrant: Distributed mode disabled    
2024-09-24T10:27:19.411054Z  INFO qdrant: Telemetry reporting disabled    
2024-09-24T10:27:19.413097Z DEBUG qdrant: Waiting for thread web to finish    
2024-09-24T10:27:19.415925Z  WARN qdrant::actix::web_ui: Static content folder for Web UI './static' does not exist    
2024-09-24T10:27:19.417698Z  INFO qdrant::actix: TLS disabled for REST API    
2024-09-24T10:27:19.419611Z  INFO qdrant::actix: Qdrant HTTP listening on 6333    
2024-09-24T10:27:19.419866Z  INFO actix_server::builder: Starting 11 workers
2024-09-24T10:27:19.420216Z  INFO actix_server::server: Actix runtime found; starting in Actix runtime
2024-09-24T10:27:19.436329Z  INFO qdrant::tonic: Qdrant gRPC listening on 6334    
2024-09-24T10:27:19.436422Z  INFO qdrant::tonic: TLS disabled for gRPC API    
2024-09-24T10:27:29.808727Z  INFO storage::content_manager::toc::collection_meta_ops: Deleting collection default    
2024-09-24T10:27:29.832998Z DEBUG collection::update_handler: Stopping flush worker.    
2024-09-24T10:27:29.855533Z  INFO actix_web::middleware::logger: 127.0.0.1 "DELETE /collections/default HTTP/1.1" 200 48 "-" "curl/7.81.0" 0.060361    
2024-09-24T10:27:36.654103Z DEBUG storage::content_manager::snapshots::recover: Downloading snapshot from file:///home/vansh/gaianet/qdrant/snapshots/default/default.snapshot to /home/vansh/gaianet/qdrant/./snapshots/tmp/download-rVwvvP    
2024-09-24T10:27:36.654532Z DEBUG storage::content_manager::snapshots::recover: Snapshot downloaded to /home/vansh/gaianet/qdrant/snapshots/default/default.snapshot    
2024-09-24T10:27:36.655397Z DEBUG storage::content_manager::snapshots::recover: Recovering collection default from snapshot /home/vansh/gaianet/qdrant/snapshots/default/default.snapshot    
2024-09-24T10:27:36.655410Z DEBUG storage::content_manager::snapshots::recover: Unpacking snapshot to /home/vansh/gaianet/qdrant/./storage/tmp/col-default-recovery-8362KK    
2024-09-24T10:27:39.080751Z DEBUG storage::content_manager::snapshots::recover: Collection default does not exist, creating it    
2024-09-24T10:27:39.081595Z  INFO storage::content_manager::toc::collection_meta_ops: Creating collection default    
2024-09-24T10:27:39.886237Z DEBUG collection::collection: Changing shard default:0 replica state from Some(Initializing) to Active    
2024-09-24T10:27:39.886711Z DEBUG collection::shards::replica_set: Changing local shard default:0 state from Some(Initializing) to Active    
2024-09-24T10:27:39.951840Z DEBUG storage::content_manager::snapshots::recover: Recovering shard 0 from /home/vansh/gaianet/qdrant/./storage/tmp/col-default-recovery-8362KK/0    
2024-09-24T10:27:39.965410Z DEBUG collection::update_handler: Stopping flush worker.    
2024-09-24T10:27:40.728201Z  INFO collection::shards::local_shard: Recovering collection default: 0/1 (0%)    
2024-09-24T10:27:40.751037Z  INFO collection::shards::local_shard: Recovered collection default: 1/1 (100%)    
2024-09-24T10:27:40.753439Z DEBUG storage::content_manager::snapshots::recover: Activating shard 0 of collection default locally    
2024-09-24T10:27:40.753473Z DEBUG collection::collection: Changing shard default:0 replica state from Some(Active) to Active    
2024-09-24T10:27:40.753482Z DEBUG collection::shards::replica_set: Changing local shard default:0 state from Some(Active) to Active    
2024-09-24T10:27:40.771224Z  INFO actix_web::middleware::logger: 127.0.0.1 "POST /collections/default/snapshots/upload?priority=snapshot HTTP/1.1" 200 48 "-" "curl/7.81.0" 4.530108    
2024-09-24T10:27:45.784443Z  INFO actix_server::server: SIGTERM received; starting graceful shutdown
2024-09-24T10:27:45.784448Z DEBUG qdrant::tonic: Stopping gRPC service on SIGTERM    
2024-09-24T10:27:45.784655Z  INFO actix_server::worker: Shutting down idle worker
2024-09-24T10:27:45.784659Z  INFO actix_server::worker: Shutting down idle worker
2024-09-24T10:27:45.784685Z DEBUG actix_server::accept: Paused accepting connections on 127.0.0.1:6333
2024-09-24T10:27:45.784689Z  INFO actix_server::worker: Shutting down idle worker
2024-09-24T10:27:45.784702Z  INFO actix_server::accept: Accept thread stopped
2024-09-24T10:27:45.784704Z  INFO actix_server::worker: Shutting down idle worker
2024-09-24T10:27:45.784679Z  INFO actix_server::worker: Shutting down idle worker
2024-09-24T10:27:45.784720Z  INFO actix_server::worker: Shutting down idle worker
2024-09-24T10:27:45.784749Z  INFO actix_server::worker: Shutting down idle worker
2024-09-24T10:27:45.784753Z  INFO actix_server::worker: Shutting down idle worker
2024-09-24T10:27:45.784839Z  INFO actix_server::worker: Shutting down idle worker
2024-09-24T10:27:45.784847Z  INFO actix_server::worker: Shutting down idle worker
2024-09-24T10:27:45.785288Z  INFO actix_server::worker: Shutting down idle worker
2024-09-24T10:27:46.090229Z DEBUG qdrant: Waiting for thread grpc to finish    
2024-09-24T10:27:46.090956Z DEBUG collection::update_handler: Stopping flush worker.    
